Connecting to database specified by database.yml
Compiled jquery.js  (1ms)  (pid 14185)
Compiled jquery_ujs.js  (0ms)  (pid 14185)
Compiled application.js  (48ms)  (pid 14185)
Compiled application.css  (0ms)  (pid 14185)
Connecting to database specified by database.yml
Compiled jquery.js  (1ms)  (pid 14185)
Compiled jquery_ujs.js  (0ms)  (pid 14185)
Compiled application.js  (20ms)  (pid 14185)
Compiled application.css  (0ms)  (pid 14185)
Connecting to database specified by database.yml
Compiled jquery.js  (2ms)  (pid 26814)
Compiled jquery_ujs.js  (0ms)  (pid 26814)
Compiled static_pages.js  (206ms)  (pid 26814)
Compiled users.js  (154ms)  (pid 26814)
Compiled application.js  (408ms)  (pid 26814)
Compiled custom.css  (2191ms)  (pid 26814)
Compiled static_pages.css  (3ms)  (pid 26814)
Compiled users.css  (3ms)  (pid 26814)
Compiled application.css  (2273ms)  (pid 26814)
Connecting to database specified by database.yml
Compiled jquery.js  (3ms)  (pid 26814)
Compiled jquery_ujs.js  (0ms)  (pid 26814)
Compiled static_pages.js  (264ms)  (pid 26814)
Compiled users.js  (224ms)  (pid 26814)
Compiled application.js  (548ms)  (pid 26814)
Compiled custom.css  (2172ms)  (pid 26814)
Compiled static_pages.css  (3ms)  (pid 26814)
Compiled users.css  (3ms)  (pid 26814)
Compiled application.css  (2210ms)  (pid 26814)
